<?xml version="1.0" encoding="UTF-8"?>
<!-- Generated by org.testng.reporters.JUnitReportReporter -->
<testsuite hostname="OptiMistic" name="Basic_prog.TestingSelenium" tests="1" failures="0" timestamp="2 Aug 2017 06:13:01 GMT" time="38.748" errors="0">
  <testcase name="add" time="38.748" classname="Basic_prog.TestingSelenium"/>
</testsuite> <!-- Basic_prog.TestingSelenium -->
