<?xml version="1.0" encoding="UTF-8"?>
<!-- Generated by org.testng.reporters.JUnitReportReporter -->
<testsuite hostname="OptiMistic" name="Basic_prog.TestingSelenium" tests="1" failures="0" timestamp="2 Aug 2017 06:18:42 GMT" time="34.625" errors="0">
  <testcase name="add" time="34.625" classname="Basic_prog.TestingSelenium"/>
</testsuite> <!-- Basic_prog.TestingSelenium -->
